生成启动时间为 2017/11/23 20:29:11。
     1>项目“C:\OSG_OSGEarth\gwaldron-osgearth-2.7-0-g25ce0e1\src\applications\EarthGlobal\EarthGlobal.vcxproj”在节点 6 上(Build 个目标)。
     1>CustomBuild:
         Moc'ing MainWindow.h...
       ClCompile:
         C:\Program Files (x86)\Microsoft Visual Studio 12.0\VC\bin\CL.exe /c /I"C:\OSG_OSGEarth\opencv-2.4.9-vc12\include" /IC:\OSG_OSGEarth\QtitanRibbon4.4\include /I"C:\OSG_OSGEarth\gwaldron-osgearth-2.7-0-g25ce0e1\src" /I"C:\OSG_OSGEarth\OpenSceneGraph-3.4.0\include" /I.\GeneratedFiles /I. /IC:\Qt\Qt5.6.0\5.6\msvc2013\include /I.\GeneratedFiles\Release /IC:\Qt\Qt5.6.0\5.6\msvc2013\include\QtCore /IC:\Qt\Qt5.6.0\5.6\msvc2013\include\QtGui /IC:\Qt\Qt5.6.0\5.6\msvc2013\include\QtQml /IC:\Qt\Qt5.6.0\5.6\msvc2013\include\QtOpenGL /IC:\Qt\Qt5.6.0\5.6\msvc2013\include\QtWidgets /IC:\Qt\Qt5.6.0\5.6\msvc2013\include\QtXml /IC:\OSG_OSGEarth\3rdParty_VS2013_v120_x86_x64_V9_full\3rdParty_x86_x64\x86\include /nologo /W1 /WX- /MP /O2 /Oy- /D UNICODE /D WIN32 /D WIN64 /D QT_DLL /D QT_NO_DEBUG /D NDEBUG /D QT_CORE_LIB /D QT_GUI_LIB /D QT_QML_LIB /D QT_OPENGL_LIB /D QT_WIDGETS_LIB /D QT_XML_LIB /Gm- /EHsc /MD /GS /fp:precise /Zc:wchar_t /Zc:forScope /Fo"application_osgearth_annotation.dir\Release\\" /Fd"application_osgearth_annotation.dir\Release\vc120.pdb" /Gd /TP /analyze- /errorReport:prompt AirDataDlg.cpp AnimationController.cpp AnimationSettingsDlg.cpp CameraPostionDlg.cpp Document.cpp GeneratedFiles\Release\moc_MainWindow.cpp GeneratedFiles\Release\moc_targetdatadlg.cpp MainWindow.cpp NewProjectDlg.cpp OutputDlg.cpp PathEarthManipulate.cpp PltTempDlg.cpp ScreenCapture.cpp Target2PltDlg.cpp TargetDataReader.cpp TransDataToRadioDlg.cpp main.cpp targetdatadlg.cpp
         AirDataDlg.cpp
         AnimationController.cpp
         AnimationSettingsDlg.cpp
         CameraPostionDlg.cpp
         Document.cpp
         moc_MainWindow.cpp
         moc_targetdatadlg.cpp
         MainWindow.cpp
         NewProjectDlg.cpp
         OutputDlg.cpp
         PathEarthManipulate.cpp
         PltTempDlg.cpp
         ScreenCapture.cpp
         Target2PltDlg.cpp
         TargetDataReader.cpp
         TransDataToRadioDlg.cpp
         main.cpp
         targetdatadlg.cpp
         C:\Program Files (x86)\Microsoft Visual Studio 12.0\VC\bin\CL.exe /c /I"C:\OSG_OSGEarth\opencv-2.4.9-vc12\include" /IC:\OSG_OSGEarth\QtitanRibbon4.4\include /I"C:\OSG_OSGEarth\gwaldron-osgearth-2.7-0-g25ce0e1\src" /I"C:\OSG_OSGEarth\OpenSceneGraph-3.4.0\include" /I.\GeneratedFiles /I. /IC:\Qt\Qt5.6.0\5.6\msvc2013\include /I.\GeneratedFiles\Release /IC:\Qt\Qt5.6.0\5.6\msvc2013\include\QtCore /IC:\Qt\Qt5.6.0\5.6\msvc2013\include\QtGui /IC:\Qt\Qt5.6.0\5.6\msvc2013\include\QtQml /IC:\Qt\Qt5.6.0\5.6\msvc2013\include\QtOpenGL /IC:\Qt\Qt5.6.0\5.6\msvc2013\include\QtWidgets /IC:\Qt\Qt5.6.0\5.6\msvc2013\include\QtXml /IC:\OSG_OSGEarth\3rdParty_VS2013_v120_x86_x64_V9_full\3rdParty_x86_x64\x86\include /nologo /W1 /WX- /MP /O2 /Oy- /D UNICODE /D WIN32 /D WIN64 /D QT_DLL /D QT_NO_DEBUG /D NDEBUG /D QT_CORE_LIB /D QT_GUI_LIB /D QT_QML_LIB /D QT_OPENGL_LIB /D QT_WIDGETS_LIB /D QT_XML_LIB /Gm- /EHsc /MD /GS /fp:precise /Zc:wchar_t /Zc:forScope /Fo"application_osgearth_annotation.dir\Release\\" /Fd"application_osgearth_annotation.dir\Release\vc120.pdb" /Gd /TP /analyze- /errorReport:prompt GeneratedFiles\qrc_earthglobal.cpp
         qrc_earthglobal.cpp
       Link:
         C:\Program Files (x86)\Microsoft Visual Studio 12.0\VC\bin\link.exe /ERRORREPORT:PROMPT /OUT:"C:\OSG_OSGEarth\gwaldron-osgearth-2.7-0-g25ce0e1\bin\Release\EarthGlobal.exe" /NOLOGO /LIBPATH:C:\Qt\Qt5.6.0\5.6\msvc2013\lib /LIBPATH:"C:\OSG_OSGEarth\opencv-2.4.9-vc12\lib" kernel32.lib user32.lib gdi32.lib winspool.lib shell32.lib ole32.lib oleaut32.lib uuid.lib comdlg32.lib advapi32.lib ..\..\..\lib\Release\osgEarthUtil.lib ..\..\..\lib\Release\osgEarthAnnotation.lib "C:\OSG_OSGEarth\OpenSceneGraph-3.4.0\lib\osg.lib" "C:\OSG_OSGEarth\OpenSceneGraph-3.4.0\lib\osgDB.lib" "C:\OSG_OSGEarth\OpenSceneGraph-3.4.0\lib\osgUtil.lib" "C:\OSG_OSGEarth\OpenSceneGraph-3.4.0\lib\osgViewer.lib" "C:\OSG_OSGEarth\OpenSceneGraph-3.4.0\lib\OpenThreads.lib" ..\..\..\lib\Release\osgEarthFeatures.lib ..\..\..\lib\Release\osgEarthSymbology.lib ..\..\..\lib\Release\osgEarth.lib ws2_32.lib winmm.lib wldap32.lib C:\OSG_OSGEarth\3rdParty_VS2013_v120_x86_x64_V9_full\3rdParty_x86_x64\x86\lib\libcurl.lib C:\OSG_OSGEarth\3rdParty_VS2013_v120_x86_x64_V9_full\3rdParty_x86_x64\x86\lib\zlib.lib "C:\OSG_OSGEarth\OpenSceneGraph-3.4.0\lib\osgWidget.lib" "C:\OSG_OSGEarth\geos-3.5.0\src\geos_i.lib" C:\OSG_OSGEarth\3rdParty_VS2013_v120_x86_x64_V9_full\3rdParty_x86_x64\x86\lib\gdal_i.lib "C:\OSG_OSGEarth\OpenSceneGraph-3.4.0\lib\osgSim.lib" "C:\OSG_OSGEarth\OpenSceneGraph-3.4.0\lib\osgTerrain.lib" "C:\OSG_OSGEarth\OpenSceneGraph-3.4.0\lib\osgFX.lib" "C:\OSG_OSGEarth\OpenSceneGraph-3.4.0\lib\osgText.lib" "C:\OSG_OSGEarth\OpenSceneGraph-3.4.0\lib\osgGA.lib" "C:\OSG_OSGEarth\OpenSceneGraph-3.4.0\lib\osgShadow.lib" "C:\OSG_OSGEarth\OpenSceneGraph-3.4.0\lib\osgManipulator.lib" glu32.lib opengl32.lib C:\OSG_OSGEarth\QtitanRibbon4.4\lib\win32\qtnribbon4.lib C:\Qt\Qt5.6.0\5.6\msvc2013\lib\Qt5OpenGL.lib C:\Qt\Qt5.6.0\5.6\msvc2013\lib\Qt5Widgets.lib C:\Qt\Qt5.6.0\5.6\msvc2013\lib\Qt5Gui.lib C:\Qt\Qt5.6.0\5.6\msvc2013\lib\Qt5Core.lib C:\Qt\Qt5.6.0\5.6\msvc2013\lib\Qt5PrintSupport.lib C:\Qt\Qt5.6.0\5.6\msvc2013\lib\Qt5Xml.lib "C:\OSG_OSGEarth\OpenSceneGraph-3.4.0\lib\osgQt.lib" opencv_calib3d249.lib opencv_contrib249.lib opencv_core249.lib opencv_features2d249.lib opencv_flann249.lib opencv_gpu249.lib opencv_highgui249.lib opencv_imgproc249.lib opencv_legacy249.lib opencv_ml249.lib opencv_nonfree249.lib opencv_objdetect249.lib opencv_ocl249.lib opencv_photo249.lib opencv_stitching249.lib opencv_superres249.lib opencv_ts249.lib opencv_video249.lib opencv_videostab249.lib /MANIFEST /MANIFESTUAC:"level='asInvoker' uiAccess='false'" /manifest:embed /PDB:"C:/OSG_OSGEarth/gwaldron-osgearth-2.7-0-g25ce0e1/bin/Release/EarthGlobal.pdb" /SUBSYSTEM:CONSOLE /TLBID:1 /DYNAMICBASE /NXCOMPAT /IMPLIB:"C:\OSG_OSGEarth\gwaldron-osgearth-2.7-0-g25ce0e1\bin\Release\EarthGlobal.lib" /MACHINE:X86 /SAFESEH application_osgearth_annotation.dir\Release\EarthGlobal.res
         application_osgearth_annotation.dir\Release\AboutDialog.obj
         application_osgearth_annotation.dir\Release\AirDataDlg.obj
         application_osgearth_annotation.dir\Release\AirDataParaWidget.obj
         application_osgearth_annotation.dir\Release\AirDataReader.obj
         application_osgearth_annotation.dir\Release\AnimationController.obj
         application_osgearth_annotation.dir\Release\AnimationLoader.obj
         application_osgearth_annotation.dir\Release\AnimationSettingsDlg.obj
         application_osgearth_annotation.dir\Release\Atan2.obj
         application_osgearth_annotation.dir\Release\CameraPath.obj
         application_osgearth_annotation.dir\Release\CameraPostionDlg.obj
         application_osgearth_annotation.dir\Release\CentralWidget.obj
         application_osgearth_annotation.dir\Release\CompositeViewerWidget.obj
         application_osgearth_annotation.dir\Release\DirectEarthManipulator.obj
         application_osgearth_annotation.dir\Release\DirectManipulatorDlg.obj
         application_osgearth_annotation.dir\Release\Document.obj
         application_osgearth_annotation.dir\Release\EagleEyeEarthManipulator.obj
         application_osgearth_annotation.dir\Release\moc_AirDataDlg.obj
         application_osgearth_annotation.dir\Release\moc_AirDataParaWidget.obj
         application_osgearth_annotation.dir\Release\moc_AnimationSettingsDlg.obj
         application_osgearth_annotation.dir\Release\moc_CameraPostionDlg.obj
         application_osgearth_annotation.dir\Release\moc_CentralWidget.obj
         application_osgearth_annotation.dir\Release\moc_DirectManipulatorDlg.obj
         application_osgearth_annotation.dir\Release\moc_JetThresholdDlg.obj
         application_osgearth_annotation.dir\Release\moc_KeyPressEater.obj
         application_osgearth_annotation.dir\Release\moc_MainWindow.obj
         application_osgearth_annotation.dir\Release\moc_MouseMoveFilter.obj
         application_osgearth_annotation.dir\Release\moc_NewProjectDlg.obj
         application_osgearth_annotation.dir\Release\moc_OutputDlg.obj
         application_osgearth_annotation.dir\Release\moc_PictureBox.obj
         application_osgearth_annotation.dir\Release\moc_PltTempDlg.obj
         application_osgearth_annotation.dir\Release\moc_ProgressNumberWidget.obj
         application_osgearth_annotation.dir\Release\moc_RangeFeatureGenerator.obj
         application_osgearth_annotation.dir\Release\moc_RenderModeDlg.obj
         application_osgearth_annotation.dir\Release\moc_SetParaDockWidget.obj
         application_osgearth_annotation.dir\Release\moc_SetStartFrameDlg.obj
         application_osgearth_annotation.dir\Release\moc_Target2PltDlg.obj
         application_osgearth_annotation.dir\Release\moc_targetdatadlg.obj
         application_osgearth_annotation.dir\Release\moc_TargetPosition.obj
         application_osgearth_annotation.dir\Release\moc_TransDataToRadioDlg.obj
         application_osgearth_annotation.dir\Release\moc_ViewPointSyn.obj
         application_osgearth_annotation.dir\Release\Geo_xyz.obj
         application_osgearth_annotation.dir\Release\JetHideCallback.obj
         application_osgearth_annotation.dir\Release\JetThresholdDlg.obj
         application_osgearth_annotation.dir\Release\KeyPressEater.obj
         application_osgearth_annotation.dir\Release\line2atmosphere.obj
         application_osgearth_annotation.dir\Release\MainWindow.obj
         application_osgearth_annotation.dir\Release\qrc_earthglobal.obj
         application_osgearth_annotation.dir\Release\moc_AboutDialog.obj
         application_osgearth_annotation.dir\Release\moc_RibbonWindow.obj
         application_osgearth_annotation.dir\Release\main.obj
         application_osgearth_annotation.dir\Release\moc_DemoMainWindow.obj
         application_osgearth_annotation.dir\Release\ModelLayerReader.obj
         application_osgearth_annotation.dir\Release\MouseMoveFilter.obj
         application_osgearth_annotation.dir\Release\NewProjectDlg.obj
         application_osgearth_annotation.dir\Release\OEAnimationPath.obj
         application_osgearth_annotation.dir\Release\osgviewerqt.obj
         application_osgearth_annotation.dir\Release\OutputDlg.obj
         application_osgearth_annotation.dir\Release\PathEarthManipulate.obj
         application_osgearth_annotation.dir\Release\PictureBox.obj
         application_osgearth_annotation.dir\Release\PltReader.obj
         application_osgearth_annotation.dir\Release\PltTempDlg.obj
         application_osgearth_annotation.dir\Release\ProgressNumberWidget.obj
         application_osgearth_annotation.dir\Release\RangeFeatureGenerator.obj
         application_osgearth_annotation.dir\Release\RenderModeDlg.obj
         application_osgearth_annotation.dir\Release\ribbonimages.obj
         application_osgearth_annotation.dir\Release\RibbonWindow.obj
         application_osgearth_annotation.dir\Release\ScreenCapture.obj
         application_osgearth_annotation.dir\Release\SetParaDockWidget.obj
         application_osgearth_annotation.dir\Release\SetStartFrameDlg.obj
         application_osgearth_annotation.dir\Release\SysUtility.obj
         application_osgearth_annotation.dir\Release\Target2PltDlg.obj
         application_osgearth_annotation.dir\Release\TargetAnimationPathCallback.obj
         application_osgearth_annotation.dir\Release\targetdatadlg.obj
         application_osgearth_annotation.dir\Release\TargetDataReader.obj
         application_osgearth_annotation.dir\Release\Targetfile2tecplot.obj
         application_osgearth_annotation.dir\Release\TargetPath.obj
         application_osgearth_annotation.dir\Release\TargetPosition.obj
         application_osgearth_annotation.dir\Release\Temp2radiance.obj
         application_osgearth_annotation.dir\Release\tempos.obj
         application_osgearth_annotation.dir\Release\TransDataToRadioDlg.obj
         application_osgearth_annotation.dir\Release\Utility.obj
         application_osgearth_annotation.dir\Release\VideoMaker.obj
         application_osgearth_annotation.dir\Release\viewpoint2target.obj
         application_osgearth_annotation.dir\Release\ViewPointSyn.obj
         "C:\OSG_OSGEarth\gwaldron-osgearth-2.7-0-g25ce0e1\lib\Release\osgEarthAnnotation.lib"
         "C:\OSG_OSGEarth\gwaldron-osgearth-2.7-0-g25ce0e1\lib\Release\osgEarthFeatures.lib"
         "C:\OSG_OSGEarth\gwaldron-osgearth-2.7-0-g25ce0e1\lib\Release\osgEarthQt.lib"
         "C:\OSG_OSGEarth\gwaldron-osgearth-2.7-0-g25ce0e1\lib\Release\osgEarthSymbology.lib"
         "C:\OSG_OSGEarth\gwaldron-osgearth-2.7-0-g25ce0e1\lib\Release\osgEarthUtil.lib"
            正在创建库 C:\OSG_OSGEarth\gwaldron-osgearth-2.7-0-g25ce0e1\bin\Release\EarthGlobal.lib 和对象 C:\OSG_OSGEarth\gwaldron-osgearth-2.7-0-g25ce0e1\bin\Release\EarthGlobal.exp
         EarthGlobal.vcxproj -> C:\OSG_OSGEarth\gwaldron-osgearth-2.7-0-g25ce0e1\bin\Release\EarthGlobal.exe
     1>已完成生成项目“C:\OSG_OSGEarth\gwaldron-osgearth-2.7-0-g25ce0e1\src\applications\EarthGlobal\EarthGlobal.vcxproj”(Build 个目标)的操作。

生成成功。

已用时间 00:00:42.05
