c:\osg_osgearth\gwaldron-osgearth-2.7-0-g25ce0e1\src\applications\earthglobal\release\ribbonwindow.obj
c:\osg_osgearth\gwaldron-osgearth-2.7-0-g25ce0e1\src\applications\earthglobal\release\ribbonimages.obj
c:\osg_osgearth\gwaldron-osgearth-2.7-0-g25ce0e1\src\applications\earthglobal\release\osgviewerqt.obj
c:\osg_osgearth\gwaldron-osgearth-2.7-0-g25ce0e1\src\applications\earthglobal\release\mousemovefilter.obj
c:\osg_osgearth\gwaldron-osgearth-2.7-0-g25ce0e1\src\applications\earthglobal\release\modellayerreader.obj
c:\osg_osgearth\gwaldron-osgearth-2.7-0-g25ce0e1\src\applications\earthglobal\release\moc_demomainwindow.obj
c:\osg_osgearth\gwaldron-osgearth-2.7-0-g25ce0e1\src\applications\earthglobal\release\main.obj
c:\osg_osgearth\gwaldron-osgearth-2.7-0-g25ce0e1\src\applications\earthglobal\release\moc_ribbonwindow.obj
c:\osg_osgearth\gwaldron-osgearth-2.7-0-g25ce0e1\src\applications\earthglobal\release\moc_aboutdialog.obj
c:\osg_osgearth\gwaldron-osgearth-2.7-0-g25ce0e1\src\applications\earthglobal\release\mainwindow.obj
c:\osg_osgearth\gwaldron-osgearth-2.7-0-g25ce0e1\src\applications\earthglobal\release\keypresseater.obj
c:\osg_osgearth\gwaldron-osgearth-2.7-0-g25ce0e1\src\applications\earthglobal\release\moc_viewpointsyn.obj
c:\osg_osgearth\gwaldron-osgearth-2.7-0-g25ce0e1\src\applications\earthglobal\release\moc_targetdatadlg.obj
c:\osg_osgearth\gwaldron-osgearth-2.7-0-g25ce0e1\src\applications\earthglobal\release\moc_mousemovefilter.obj
c:\osg_osgearth\gwaldron-osgearth-2.7-0-g25ce0e1\src\applications\earthglobal\release\moc_mainwindow.obj
c:\osg_osgearth\gwaldron-osgearth-2.7-0-g25ce0e1\src\applications\earthglobal\release\moc_keypresseater.obj
c:\osg_osgearth\gwaldron-osgearth-2.7-0-g25ce0e1\src\applications\earthglobal\release\eagleeyeearthmanipulator.obj
c:\osg_osgearth\gwaldron-osgearth-2.7-0-g25ce0e1\src\applications\earthglobal\release\compositeviewerwidget.obj
c:\osg_osgearth\gwaldron-osgearth-2.7-0-g25ce0e1\src\applications\earthglobal\release\airdatareader.obj
c:\osg_osgearth\gwaldron-osgearth-2.7-0-g25ce0e1\src\applications\earthglobal\release\aboutdialog.obj
c:\osg_osgearth\gwaldron-osgearth-2.7-0-g25ce0e1\src\applications\earthglobal\release\viewpointsyn.obj
c:\osg_osgearth\gwaldron-osgearth-2.7-0-g25ce0e1\src\applications\earthglobal\release\targetdatareader.obj
c:\osg_osgearth\gwaldron-osgearth-2.7-0-g25ce0e1\src\applications\earthglobal\release\targetdatadlg.obj
c:\osg_osgearth\gwaldron-osgearth-2.7-0-g25ce0e1\src\applications\earthglobal\release\qrc_earthglobal.obj
c:\osg_osgearth\gwaldron-osgearth-2.7-0-g25ce0e1\src\applications\earthglobal\generatedfiles\ui_earthglobal.h
c:\osg_osgearth\gwaldron-osgearth-2.7-0-g25ce0e1\src\applications\earthglobal\generatedfiles\qrc_earthglobal.cpp
c:\osg_osgearth\gwaldron-osgearth-2.7-0-g25ce0e1\src\applications\earthglobal\generatedfiles\ui_targetdatadlg.h
c:\osg_osgearth\gwaldron-osgearth-2.7-0-g25ce0e1\src\applications\earthglobal\generatedfiles\release\moc_mainwindow.cpp
c:\osg_osgearth\gwaldron-osgearth-2.7-0-g25ce0e1\src\applications\earthglobal\generatedfiles\release\moc_keypresseater.cpp
c:\osg_osgearth\gwaldron-osgearth-2.7-0-g25ce0e1\src\applications\earthglobal\generatedfiles\release\moc_mousemovefilter.cpp
c:\osg_osgearth\gwaldron-osgearth-2.7-0-g25ce0e1\src\applications\earthglobal\generatedfiles\release\moc_targetdatadlg.cpp
c:\osg_osgearth\gwaldron-osgearth-2.7-0-g25ce0e1\src\applications\earthglobal\generatedfiles\release\moc_viewpointsyn.cpp
c:\osg_osgearth\gwaldron-osgearth-2.7-0-g25ce0e1\src\applications\earthglobal\generatedfiles\release\moc_aboutdialog.cpp
c:\osg_osgearth\gwaldron-osgearth-2.7-0-g25ce0e1\src\applications\earthglobal\generatedfiles\release\moc_ribbonwindow.cpp
c:\osg_osgearth\gwaldron-osgearth-2.7-0-g25ce0e1\win32\release\earthglobal.lib
c:\osg_osgearth\gwaldron-osgearth-2.7-0-g25ce0e1\win32\release\earthglobal.exp
c:\osg_osgearth\gwaldron-osgearth-2.7-0-g25ce0e1\win32\release\earthglobal.exe
c:\osg_osgearth\gwaldron-osgearth-2.7-0-g25ce0e1\src\applications\earthglobal\release\earthglobal.tlog\cl.command.1.tlog
c:\osg_osgearth\gwaldron-osgearth-2.7-0-g25ce0e1\src\applications\earthglobal\release\earthglobal.tlog\cl.read.1.tlog
c:\osg_osgearth\gwaldron-osgearth-2.7-0-g25ce0e1\src\applications\earthglobal\release\earthglobal.tlog\cl.write.1.tlog
c:\osg_osgearth\gwaldron-osgearth-2.7-0-g25ce0e1\src\applications\earthglobal\release\earthglobal.tlog\custombuild.command.1.tlog
c:\osg_osgearth\gwaldron-osgearth-2.7-0-g25ce0e1\src\applications\earthglobal\release\earthglobal.tlog\custombuild.read.1.tlog
c:\osg_osgearth\gwaldron-osgearth-2.7-0-g25ce0e1\src\applications\earthglobal\release\earthglobal.tlog\custombuild.write.1.tlog
c:\osg_osgearth\gwaldron-osgearth-2.7-0-g25ce0e1\src\applications\earthglobal\release\earthglobal.tlog\earthglobal.write.1u.tlog
c:\osg_osgearth\gwaldron-osgearth-2.7-0-g25ce0e1\src\applications\earthglobal\release\earthglobal.tlog\link.command.1.tlog
c:\osg_osgearth\gwaldron-osgearth-2.7-0-g25ce0e1\src\applications\earthglobal\release\earthglobal.tlog\link.read.1.tlog
c:\osg_osgearth\gwaldron-osgearth-2.7-0-g25ce0e1\src\applications\earthglobal\release\earthglobal.tlog\link.write.1.tlog
