c:\osg_osgearth\gwaldron-osgearth-2.7-0-g25ce0e1\src\applications\earthglobal\application_earthglobal.dir\debug\vc120.pdb
c:\osg_osgearth\gwaldron-osgearth-2.7-0-g25ce0e1\src\applications\earthglobal\application_earthglobal.dir\debug\moc_keypresseater.obj
c:\osg_osgearth\gwaldron-osgearth-2.7-0-g25ce0e1\src\applications\earthglobal\application_earthglobal.dir\debug\moc_centralwidget.obj
c:\osg_osgearth\gwaldron-osgearth-2.7-0-g25ce0e1\src\applications\earthglobal\application_earthglobal.dir\debug\moc_camerapostiondlg.obj
c:\osg_osgearth\gwaldron-osgearth-2.7-0-g25ce0e1\src\applications\earthglobal\application_earthglobal.dir\debug\moc_animationsettingsdlg.obj
c:\osg_osgearth\gwaldron-osgearth-2.7-0-g25ce0e1\src\applications\earthglobal\application_earthglobal.dir\debug\moc_airdataparawidget.obj
c:\osg_osgearth\gwaldron-osgearth-2.7-0-g25ce0e1\src\applications\earthglobal\application_earthglobal.dir\debug\moc_airdatadlg.obj
c:\osg_osgearth\gwaldron-osgearth-2.7-0-g25ce0e1\src\applications\earthglobal\application_earthglobal.dir\debug\eagleeyeearthmanipulator.obj
c:\osg_osgearth\gwaldron-osgearth-2.7-0-g25ce0e1\src\applications\earthglobal\application_earthglobal.dir\debug\document.obj
c:\osg_osgearth\gwaldron-osgearth-2.7-0-g25ce0e1\src\applications\earthglobal\application_earthglobal.dir\debug\compositeviewerwidget.obj
c:\osg_osgearth\gwaldron-osgearth-2.7-0-g25ce0e1\src\applications\earthglobal\application_earthglobal.dir\debug\centralwidget.obj
c:\osg_osgearth\gwaldron-osgearth-2.7-0-g25ce0e1\src\applications\earthglobal\application_earthglobal.dir\debug\camerapostiondlg.obj
c:\osg_osgearth\gwaldron-osgearth-2.7-0-g25ce0e1\src\applications\earthglobal\application_earthglobal.dir\debug\camerapath.obj
c:\osg_osgearth\gwaldron-osgearth-2.7-0-g25ce0e1\src\applications\earthglobal\application_earthglobal.dir\debug\atan2.obj
c:\osg_osgearth\gwaldron-osgearth-2.7-0-g25ce0e1\src\applications\earthglobal\application_earthglobal.dir\debug\animationsettingsdlg.obj
c:\osg_osgearth\gwaldron-osgearth-2.7-0-g25ce0e1\src\applications\earthglobal\application_earthglobal.dir\debug\animationloader.obj
c:\osg_osgearth\gwaldron-osgearth-2.7-0-g25ce0e1\src\applications\earthglobal\application_earthglobal.dir\debug\animationcontroller.obj
c:\osg_osgearth\gwaldron-osgearth-2.7-0-g25ce0e1\src\applications\earthglobal\application_earthglobal.dir\debug\airdatareader.obj
c:\osg_osgearth\gwaldron-osgearth-2.7-0-g25ce0e1\src\applications\earthglobal\application_earthglobal.dir\debug\airdataparawidget.obj
c:\osg_osgearth\gwaldron-osgearth-2.7-0-g25ce0e1\src\applications\earthglobal\application_earthglobal.dir\debug\airdatadlg.obj
c:\osg_osgearth\gwaldron-osgearth-2.7-0-g25ce0e1\src\applications\earthglobal\application_earthglobal.dir\debug\aboutdialog.obj
c:\osg_osgearth\gwaldron-osgearth-2.7-0-g25ce0e1\src\applications\earthglobal\application_earthglobal.dir\debug\moc_aboutdialog.obj
c:\osg_osgearth\gwaldron-osgearth-2.7-0-g25ce0e1\src\applications\earthglobal\application_earthglobal.dir\debug\mainwindow.obj
c:\osg_osgearth\gwaldron-osgearth-2.7-0-g25ce0e1\src\applications\earthglobal\application_earthglobal.dir\debug\line2atmosphere.obj
c:\osg_osgearth\gwaldron-osgearth-2.7-0-g25ce0e1\src\applications\earthglobal\application_earthglobal.dir\debug\keypresseater.obj
c:\osg_osgearth\gwaldron-osgearth-2.7-0-g25ce0e1\src\applications\earthglobal\application_earthglobal.dir\debug\jethidecallback.obj
c:\osg_osgearth\gwaldron-osgearth-2.7-0-g25ce0e1\src\applications\earthglobal\application_earthglobal.dir\debug\geo_xyz.obj
c:\osg_osgearth\gwaldron-osgearth-2.7-0-g25ce0e1\src\applications\earthglobal\application_earthglobal.dir\debug\moc_viewpointsyn.obj
c:\osg_osgearth\gwaldron-osgearth-2.7-0-g25ce0e1\src\applications\earthglobal\application_earthglobal.dir\debug\moc_transdatatoradiodlg.obj
c:\osg_osgearth\gwaldron-osgearth-2.7-0-g25ce0e1\src\applications\earthglobal\application_earthglobal.dir\debug\moc_targetposition.obj
c:\osg_osgearth\gwaldron-osgearth-2.7-0-g25ce0e1\src\applications\earthglobal\application_earthglobal.dir\debug\moc_targetdatadlg.obj
c:\osg_osgearth\gwaldron-osgearth-2.7-0-g25ce0e1\src\applications\earthglobal\application_earthglobal.dir\debug\moc_target2pltdlg.obj
c:\osg_osgearth\gwaldron-osgearth-2.7-0-g25ce0e1\src\applications\earthglobal\application_earthglobal.dir\debug\moc_setstartframedlg.obj
c:\osg_osgearth\gwaldron-osgearth-2.7-0-g25ce0e1\src\applications\earthglobal\application_earthglobal.dir\debug\moc_setparadockwidget.obj
c:\osg_osgearth\gwaldron-osgearth-2.7-0-g25ce0e1\src\applications\earthglobal\application_earthglobal.dir\debug\moc_rendermodedlg.obj
c:\osg_osgearth\gwaldron-osgearth-2.7-0-g25ce0e1\src\applications\earthglobal\application_earthglobal.dir\debug\moc_rangefeaturegenerator.obj
c:\osg_osgearth\gwaldron-osgearth-2.7-0-g25ce0e1\src\applications\earthglobal\application_earthglobal.dir\debug\moc_picturebox.obj
c:\osg_osgearth\gwaldron-osgearth-2.7-0-g25ce0e1\src\applications\earthglobal\application_earthglobal.dir\debug\moc_outputdlg.obj
c:\osg_osgearth\gwaldron-osgearth-2.7-0-g25ce0e1\src\applications\earthglobal\application_earthglobal.dir\debug\moc_newprojectdlg.obj
c:\osg_osgearth\gwaldron-osgearth-2.7-0-g25ce0e1\src\applications\earthglobal\application_earthglobal.dir\debug\moc_mousemovefilter.obj
c:\osg_osgearth\gwaldron-osgearth-2.7-0-g25ce0e1\src\applications\earthglobal\application_earthglobal.dir\debug\moc_mainwindow.obj
c:\osg_osgearth\gwaldron-osgearth-2.7-0-g25ce0e1\src\applications\earthglobal\application_earthglobal.dir\debug\target2pltdlg.obj
c:\osg_osgearth\gwaldron-osgearth-2.7-0-g25ce0e1\src\applications\earthglobal\application_earthglobal.dir\debug\sysutility.obj
c:\osg_osgearth\gwaldron-osgearth-2.7-0-g25ce0e1\src\applications\earthglobal\application_earthglobal.dir\debug\setstartframedlg.obj
c:\osg_osgearth\gwaldron-osgearth-2.7-0-g25ce0e1\src\applications\earthglobal\application_earthglobal.dir\debug\setparadockwidget.obj
c:\osg_osgearth\gwaldron-osgearth-2.7-0-g25ce0e1\src\applications\earthglobal\application_earthglobal.dir\debug\screencapture.obj
c:\osg_osgearth\gwaldron-osgearth-2.7-0-g25ce0e1\src\applications\earthglobal\application_earthglobal.dir\debug\ribbonwindow.obj
c:\osg_osgearth\gwaldron-osgearth-2.7-0-g25ce0e1\src\applications\earthglobal\application_earthglobal.dir\debug\ribbonimages.obj
c:\osg_osgearth\gwaldron-osgearth-2.7-0-g25ce0e1\src\applications\earthglobal\application_earthglobal.dir\debug\rendermodedlg.obj
c:\osg_osgearth\gwaldron-osgearth-2.7-0-g25ce0e1\src\applications\earthglobal\application_earthglobal.dir\debug\rangefeaturegenerator.obj
c:\osg_osgearth\gwaldron-osgearth-2.7-0-g25ce0e1\src\applications\earthglobal\application_earthglobal.dir\debug\picturebox.obj
c:\osg_osgearth\gwaldron-osgearth-2.7-0-g25ce0e1\src\applications\earthglobal\application_earthglobal.dir\debug\pathearthmanipulate.obj
c:\osg_osgearth\gwaldron-osgearth-2.7-0-g25ce0e1\src\applications\earthglobal\application_earthglobal.dir\debug\outputdlg.obj
c:\osg_osgearth\gwaldron-osgearth-2.7-0-g25ce0e1\src\applications\earthglobal\application_earthglobal.dir\debug\osgviewerqt.obj
c:\osg_osgearth\gwaldron-osgearth-2.7-0-g25ce0e1\src\applications\earthglobal\application_earthglobal.dir\debug\oeanimationpath.obj
c:\osg_osgearth\gwaldron-osgearth-2.7-0-g25ce0e1\src\applications\earthglobal\application_earthglobal.dir\debug\newprojectdlg.obj
c:\osg_osgearth\gwaldron-osgearth-2.7-0-g25ce0e1\src\applications\earthglobal\application_earthglobal.dir\debug\mousemovefilter.obj
c:\osg_osgearth\gwaldron-osgearth-2.7-0-g25ce0e1\src\applications\earthglobal\application_earthglobal.dir\debug\modellayerreader.obj
c:\osg_osgearth\gwaldron-osgearth-2.7-0-g25ce0e1\src\applications\earthglobal\application_earthglobal.dir\debug\moc_demomainwindow.obj
c:\osg_osgearth\gwaldron-osgearth-2.7-0-g25ce0e1\src\applications\earthglobal\application_earthglobal.dir\debug\main.obj
c:\osg_osgearth\gwaldron-osgearth-2.7-0-g25ce0e1\src\applications\earthglobal\application_earthglobal.dir\debug\moc_ribbonwindow.obj
c:\osg_osgearth\gwaldron-osgearth-2.7-0-g25ce0e1\src\applications\earthglobal\application_earthglobal.dir\debug\viewpointsyn.obj
c:\osg_osgearth\gwaldron-osgearth-2.7-0-g25ce0e1\src\applications\earthglobal\application_earthglobal.dir\debug\viewpoint2target.obj
c:\osg_osgearth\gwaldron-osgearth-2.7-0-g25ce0e1\src\applications\earthglobal\application_earthglobal.dir\debug\videomaker.obj
c:\osg_osgearth\gwaldron-osgearth-2.7-0-g25ce0e1\src\applications\earthglobal\application_earthglobal.dir\debug\transdatatoradiodlg.obj
c:\osg_osgearth\gwaldron-osgearth-2.7-0-g25ce0e1\src\applications\earthglobal\application_earthglobal.dir\debug\tempos.obj
c:\osg_osgearth\gwaldron-osgearth-2.7-0-g25ce0e1\src\applications\earthglobal\application_earthglobal.dir\debug\temp2radiance.obj
c:\osg_osgearth\gwaldron-osgearth-2.7-0-g25ce0e1\src\applications\earthglobal\application_earthglobal.dir\debug\targetposition.obj
c:\osg_osgearth\gwaldron-osgearth-2.7-0-g25ce0e1\src\applications\earthglobal\application_earthglobal.dir\debug\targetpath.obj
c:\osg_osgearth\gwaldron-osgearth-2.7-0-g25ce0e1\src\applications\earthglobal\application_earthglobal.dir\debug\targetfile2tecplot.obj
c:\osg_osgearth\gwaldron-osgearth-2.7-0-g25ce0e1\src\applications\earthglobal\application_earthglobal.dir\debug\targetdatareader.obj
c:\osg_osgearth\gwaldron-osgearth-2.7-0-g25ce0e1\src\applications\earthglobal\application_earthglobal.dir\debug\targetdatadlg.obj
c:\osg_osgearth\gwaldron-osgearth-2.7-0-g25ce0e1\src\applications\earthglobal\application_earthglobal.dir\debug\targetanimationpathcallback.obj
c:\osg_osgearth\gwaldron-osgearth-2.7-0-g25ce0e1\src\applications\earthglobal\application_earthglobal.dir\debug\jetthresholddlg.obj
c:\osg_osgearth\gwaldron-osgearth-2.7-0-g25ce0e1\src\applications\earthglobal\application_earthglobal.dir\debug\moc_jetthresholddlg.obj
c:\osg_osgearth\gwaldron-osgearth-2.7-0-g25ce0e1\src\applications\earthglobal\application_earthglobal.dir\debug\progressnumberwidget.obj
c:\osg_osgearth\gwaldron-osgearth-2.7-0-g25ce0e1\src\applications\earthglobal\application_earthglobal.dir\debug\moc_progressnumberwidget.obj
c:\osg_osgearth\gwaldron-osgearth-2.7-0-g25ce0e1\src\applications\earthglobal\application_earthglobal.dir\debug\qrc_earthglobal.obj
c:\osg_osgearth\gwaldron-osgearth-2.7-0-g25ce0e1\src\applications\earthglobal\application_earthglobal.dir\debug\utility.obj
c:\osg_osgearth\gwaldron-osgearth-2.7-0-g25ce0e1\src\applications\earthglobal\application_earthglobal.dir\debug\moc_directmanipulatordlg.obj
c:\osg_osgearth\gwaldron-osgearth-2.7-0-g25ce0e1\src\applications\earthglobal\application_earthglobal.dir\debug\directmanipulatordlg.obj
c:\osg_osgearth\gwaldron-osgearth-2.7-0-g25ce0e1\src\applications\earthglobal\application_earthglobal.dir\debug\directearthmanipulator.obj
c:\osg_osgearth\gwaldron-osgearth-2.7-0-g25ce0e1\src\applications\earthglobal\generatedfiles\qrc_earthglobal.cpp
c:\osg_osgearth\gwaldron-osgearth-2.7-0-g25ce0e1\src\applications\earthglobal\generatedfiles\ui_earthglobal.h
c:\osg_osgearth\gwaldron-osgearth-2.7-0-g25ce0e1\src\applications\earthglobal\generatedfiles\debug\moc_animationsettingsdlg.cpp
c:\osg_osgearth\gwaldron-osgearth-2.7-0-g25ce0e1\src\applications\earthglobal\generatedfiles\debug\moc_jetthresholddlg.cpp
c:\osg_osgearth\gwaldron-osgearth-2.7-0-g25ce0e1\src\applications\earthglobal\generatedfiles\debug\moc_outputdlg.cpp
c:\osg_osgearth\gwaldron-osgearth-2.7-0-g25ce0e1\src\applications\earthglobal\generatedfiles\debug\moc_picturebox.cpp
c:\osg_osgearth\gwaldron-osgearth-2.7-0-g25ce0e1\src\applications\earthglobal\generatedfiles\debug\moc_newprojectdlg.cpp
c:\osg_osgearth\gwaldron-osgearth-2.7-0-g25ce0e1\src\applications\earthglobal\generatedfiles\debug\moc_progressnumberwidget.cpp
c:\osg_osgearth\gwaldron-osgearth-2.7-0-g25ce0e1\src\applications\earthglobal\generatedfiles\debug\moc_setstartframedlg.cpp
c:\osg_osgearth\gwaldron-osgearth-2.7-0-g25ce0e1\src\applications\earthglobal\generatedfiles\debug\moc_transdatatoradiodlg.cpp
c:\osg_osgearth\gwaldron-osgearth-2.7-0-g25ce0e1\src\applications\earthglobal\generatedfiles\debug\moc_airdatadlg.cpp
c:\osg_osgearth\gwaldron-osgearth-2.7-0-g25ce0e1\src\applications\earthglobal\generatedfiles\debug\moc_airdataparawidget.cpp
c:\osg_osgearth\gwaldron-osgearth-2.7-0-g25ce0e1\src\applications\earthglobal\generatedfiles\debug\moc_rendermodedlg.cpp
c:\osg_osgearth\gwaldron-osgearth-2.7-0-g25ce0e1\src\applications\earthglobal\generatedfiles\debug\moc_centralwidget.cpp
c:\osg_osgearth\gwaldron-osgearth-2.7-0-g25ce0e1\src\applications\earthglobal\generatedfiles\debug\moc_setparadockwidget.cpp
c:\osg_osgearth\gwaldron-osgearth-2.7-0-g25ce0e1\src\applications\earthglobal\generatedfiles\debug\moc_targetposition.cpp
c:\osg_osgearth\gwaldron-osgearth-2.7-0-g25ce0e1\src\applications\earthglobal\generatedfiles\debug\moc_target2pltdlg.cpp
c:\osg_osgearth\gwaldron-osgearth-2.7-0-g25ce0e1\src\applications\earthglobal\generatedfiles\debug\moc_keypresseater.cpp
c:\osg_osgearth\gwaldron-osgearth-2.7-0-g25ce0e1\src\applications\earthglobal\generatedfiles\debug\moc_mousemovefilter.cpp
c:\osg_osgearth\gwaldron-osgearth-2.7-0-g25ce0e1\src\applications\earthglobal\generatedfiles\debug\moc_rangefeaturegenerator.cpp
c:\osg_osgearth\gwaldron-osgearth-2.7-0-g25ce0e1\src\applications\earthglobal\generatedfiles\debug\moc_targetdatadlg.cpp
c:\osg_osgearth\gwaldron-osgearth-2.7-0-g25ce0e1\src\applications\earthglobal\generatedfiles\debug\moc_viewpointsyn.cpp
c:\osg_osgearth\gwaldron-osgearth-2.7-0-g25ce0e1\src\applications\earthglobal\generatedfiles\debug\moc_aboutdialog.cpp
c:\osg_osgearth\gwaldron-osgearth-2.7-0-g25ce0e1\src\applications\earthglobal\generatedfiles\debug\moc_ribbonwindow.cpp
c:\osg_osgearth\gwaldron-osgearth-2.7-0-g25ce0e1\src\applications\earthglobal\generatedfiles\ui_airdatadlg.h
c:\osg_osgearth\gwaldron-osgearth-2.7-0-g25ce0e1\src\applications\earthglobal\generatedfiles\ui_airdataparawidget.h
c:\osg_osgearth\gwaldron-osgearth-2.7-0-g25ce0e1\src\applications\earthglobal\generatedfiles\ui_animationsettingsdlg.h
c:\osg_osgearth\gwaldron-osgearth-2.7-0-g25ce0e1\src\applications\earthglobal\generatedfiles\ui_targetdatadlg.h
c:\osg_osgearth\gwaldron-osgearth-2.7-0-g25ce0e1\src\applications\earthglobal\generatedfiles\ui_rendermodedlg.h
c:\osg_osgearth\gwaldron-osgearth-2.7-0-g25ce0e1\src\applications\earthglobal\generatedfiles\ui_targetposition.h
c:\osg_osgearth\gwaldron-osgearth-2.7-0-g25ce0e1\src\applications\earthglobal\generatedfiles\ui_setparadockwidget.h
c:\osg_osgearth\gwaldron-osgearth-2.7-0-g25ce0e1\src\applications\earthglobal\generatedfiles\ui_target2pltdlg.h
c:\osg_osgearth\gwaldron-osgearth-2.7-0-g25ce0e1\src\applications\earthglobal\generatedfiles\ui_outputdlg.h
c:\osg_osgearth\gwaldron-osgearth-2.7-0-g25ce0e1\src\applications\earthglobal\generatedfiles\ui_picturebox.h
c:\osg_osgearth\gwaldron-osgearth-2.7-0-g25ce0e1\src\applications\earthglobal\generatedfiles\ui_newprojectdlg.h
c:\osg_osgearth\gwaldron-osgearth-2.7-0-g25ce0e1\src\applications\earthglobal\generatedfiles\ui_transdatatoradiodlg.h
c:\osg_osgearth\gwaldron-osgearth-2.7-0-g25ce0e1\src\applications\earthglobal\generatedfiles\ui_setstartframedlg.h
c:\osg_osgearth\gwaldron-osgearth-2.7-0-g25ce0e1\src\applications\earthglobal\generatedfiles\ui_progressnumberwidget.h
c:\osg_osgearth\gwaldron-osgearth-2.7-0-g25ce0e1\src\applications\earthglobal\generatedfiles\ui_jetthresholddlg.h
c:\osg_osgearth\gwaldron-osgearth-2.7-0-g25ce0e1\src\applications\earthglobal\generatedfiles\debug\moc_camerapostiondlg.cpp
c:\osg_osgearth\gwaldron-osgearth-2.7-0-g25ce0e1\src\applications\earthglobal\generatedfiles\ui_camerapostiondlg.h
c:\osg_osgearth\gwaldron-osgearth-2.7-0-g25ce0e1\src\applications\earthglobal\generatedfiles\debug\moc_mainwindow.cpp
c:\osg_osgearth\gwaldron-osgearth-2.7-0-g25ce0e1\src\applications\earthglobal\generatedfiles\debug\moc_directmanipulatordlg.cpp
c:\osg_osgearth\gwaldron-osgearth-2.7-0-g25ce0e1\src\applications\earthglobal\generatedfiles\ui_directmanipulatordlg.h
c:\osg_osgearth\gwaldron-osgearth-2.7-0-g25ce0e1\bin\debug\earthglobald.lib
c:\osg_osgearth\gwaldron-osgearth-2.7-0-g25ce0e1\bin\debug\earthglobald.exp
c:\osg_osgearth\gwaldron-osgearth-2.7-0-g25ce0e1\bin\debug\earthglobald.ilk
c:\osg_osgearth\gwaldron-osgearth-2.7-0-g25ce0e1\bin\debug\earthglobald.exe
c:\osg_osgearth\gwaldron-osgearth-2.7-0-g25ce0e1\bin\debug\earthglobald.pdb
c:\osg_osgearth\gwaldron-osgearth-2.7-0-g25ce0e1\src\applications\earthglobal\application_earthglobal.dir\debug\earthglobal.res
c:\osg_osgearth\gwaldron-osgearth-2.7-0-g25ce0e1\src\applications\earthglobal\application_earthglobal.dir\debug\earthglobal.vcxprojresolveassemblyreference.cache
c:\osg_osgearth\gwaldron-osgearth-2.7-0-g25ce0e1\src\applications\earthglobal\application_earthglobal.dir\debug\earthglobal.tlog\cl.command.1.tlog
c:\osg_osgearth\gwaldron-osgearth-2.7-0-g25ce0e1\src\applications\earthglobal\application_earthglobal.dir\debug\earthglobal.tlog\cl.read.1.tlog
c:\osg_osgearth\gwaldron-osgearth-2.7-0-g25ce0e1\src\applications\earthglobal\application_earthglobal.dir\debug\earthglobal.tlog\cl.write.1.tlog
c:\osg_osgearth\gwaldron-osgearth-2.7-0-g25ce0e1\src\applications\earthglobal\application_earthglobal.dir\debug\earthglobal.tlog\custombuild.command.1.tlog
c:\osg_osgearth\gwaldron-osgearth-2.7-0-g25ce0e1\src\applications\earthglobal\application_earthglobal.dir\debug\earthglobal.tlog\custombuild.read.1.tlog
c:\osg_osgearth\gwaldron-osgearth-2.7-0-g25ce0e1\src\applications\earthglobal\application_earthglobal.dir\debug\earthglobal.tlog\custombuild.write.1.tlog
c:\osg_osgearth\gwaldron-osgearth-2.7-0-g25ce0e1\src\applications\earthglobal\application_earthglobal.dir\debug\earthglobal.tlog\earthglobal.write.1u.tlog
c:\osg_osgearth\gwaldron-osgearth-2.7-0-g25ce0e1\src\applications\earthglobal\application_earthglobal.dir\debug\earthglobal.tlog\link.command.1.tlog
c:\osg_osgearth\gwaldron-osgearth-2.7-0-g25ce0e1\src\applications\earthglobal\application_earthglobal.dir\debug\earthglobal.tlog\link.read.1.tlog
c:\osg_osgearth\gwaldron-osgearth-2.7-0-g25ce0e1\src\applications\earthglobal\application_earthglobal.dir\debug\earthglobal.tlog\link.write.1.tlog
c:\osg_osgearth\gwaldron-osgearth-2.7-0-g25ce0e1\src\applications\earthglobal\application_earthglobal.dir\debug\earthglobal.tlog\rc.command.1.tlog
c:\osg_osgearth\gwaldron-osgearth-2.7-0-g25ce0e1\src\applications\earthglobal\application_earthglobal.dir\debug\earthglobal.tlog\rc.read.1.tlog
c:\osg_osgearth\gwaldron-osgearth-2.7-0-g25ce0e1\src\applications\earthglobal\application_earthglobal.dir\debug\earthglobal.tlog\rc.write.1.tlog
